# JRE version: OpenJDK Runtime Environment Corretto-17.0.13.11.1 (17.0.13+11) (build 17.0.13+11-LTS)
# Java VM: OpenJDK 64-Bit Server VM Corretto-17.0.13.11.1 (17.0.13+11-LTS, mixed mode, sharing, tiered, compressed oops, compressed class ptrs, g1 gc, windows-amd64)
GC Precious Log:
 CPUs: 8 total, 8 available
 Memory: 7455M
 Large Page Support: Disabled
 NUMA Support: Disabled
 Compressed Oops: Enabled (32-bit)
 Heap Region Size: 1M
 Heap Min Capacity: 8M
 Heap Initial Capacity: 118M
 Heap Max Capacity: 1864M
 Pre-touch: Disabled
 Parallel Workers: 8
 Concurrent Workers: 2
 Concurrent Refinement Workers: 8
 Periodic GC: Disabled
Heap:
 garbage-first heap   total 162816K, used 13832K [0x000000008b800000, 0x0000000100000000)
  region size 1024K, 5 young (5120K), 2 survivors (2048K)
 Metaspace       used 16069K, committed 16192K, reserved 1114112K
  class space    used 1880K, committed 1920K, reserved 1048576K
GC Heap History (16 events):
Event: 1.829 GC heap before
{Heap before GC invocations=0 (full 0):
 garbage-first heap   total 120832K, used 22528K [0x000000008b800000, 0x0000000100000000)
  region size 1024K, 23 young (23552K), 0 survivors (0K)
 Metaspace       used 5523K, committed 5760K, reserved 1114112K
  class space    used 666K, committed 768K, reserved 1048576K
}
Event: 1.839 GC heap after
{Heap after GC invocations=1 (full 0):
 garbage-first heap   total 120832K, used 3816K [0x000000008b800000, 0x0000000100000000)
  region size 1024K, 3 young (3072K), 3 survivors (3072K)
 Metaspace       used 5523K, committed 5760K, reserved 1114112K
  class space    used 666K, committed 768K, reserved 1048576K
}
Event: 5.908 GC heap before
{Heap before GC invocations=1 (full 0):
 garbage-first heap   total 120832K, used 34536K [0x000000008b800000, 0x0000000100000000)
  region size 1024K, 33 young (33792K), 3 survivors (3072K)
 Metaspace       used 9798K, committed 9984K, reserved 1114112K
  class space    used 1187K, committed 1280K, reserved 1048576K
}
Event: 5.919 GC heap after
{Heap after GC invocations=2 (full 0):
 garbage-first heap   total 120832K, used 5520K [0x000000008b800000, 0x0000000100000000)
  region size 1024K, 2 young (2048K), 2 survivors (2048K)
 Metaspace       used 9798K, committed 9984K, reserved 1114112K
  class space    used 1187K, committed 1280K, reserved 1048576K
}
Event: 14.828 GC heap before
{Heap before GC invocations=2 (full 0):
 garbage-first heap   total 120832K, used 75152K [0x000000008b800000, 0x0000000100000000)
  region size 1024K, 70 young (71680K), 2 survivors (2048K)
 Metaspace       used 15712K, committed 15872K, reserved 1114112K
  class space    used 1868K, committed 1920K, reserved 1048576K
}
Event: 15.790 GC heap after
{Heap after GC invocations=3 (full 0):
 garbage-first heap   total 120832K, used 9844K [0x000000008b800000, 0x0000000100000000)
  region size 1024K, 6 young (6144K), 6 survivors (6144K)
 Metaspace       used 15712K, committed 15872K, reserved 1114112K
  class space    used 1868K, committed 1920K, reserved 1048576K
}
Event: 16.810 GC heap before
{Heap before GC invocations=3 (full 0):
 garbage-first heap   total 120832K, used 10868K [0x000000008b800000, 0x0000000100000000)
  region size 1024K, 7 young (7168K), 6 survivors (6144K)
 Metaspace       used 15721K, committed 15872K, reserved 1114112K
  class space    used 1868K, committed 1920K, reserved 1048576K
}
Event: 16.822 GC heap after
{Heap after GC invocations=4 (full 0):
 garbage-first heap   total 120832K, used 10598K [0x000000008b800000, 0x0000000100000000)
  region size 1024K, 1 young (1024K), 1 survivors (1024K)
 Metaspace       used 15721K, committed 15872K, reserved 1114112K
  class space    used 1868K, committed 1920K, reserved 1048576K
}
Event: 16.940 GC heap before
{Heap before GC invocations=4 (full 0):
 garbage-first heap   total 120832K, used 14694K [0x000000008b800000, 0x0000000100000000)
  region size 1024K, 5 young (5120K), 1 survivors (1024K)
 Metaspace       used 15781K, committed 15936K, reserved 1114112K
  class space    used 1868K, committed 1920K, reserved 1048576K
}
Event: 16.942 GC heap after
{Heap after GC invocations=5 (full 0):
 garbage-first heap   total 120832K, used 10237K [0x000000008b800000, 0x0000000100000000)
  region size 1024K, 1 young (1024K), 1 survivors (1024K)
 Metaspace       used 15781K, committed 15936K, reserved 1114112K
  class space    used 1868K, committed 1920K, reserved 1048576K
}
Event: 17.025 GC heap before
{Heap before GC invocations=5 (full 0):
 garbage-first heap   total 120832K, used 14333K [0x000000008b800000, 0x0000000100000000)
  region size 1024K, 5 young (5120K), 1 survivors (1024K)
 Metaspace       used 15798K, committed 16000K, reserved 1114112K
  class space    used 1868K, committed 1920K, reserved 1048576K
}
Event: 17.027 GC heap after
{Heap after GC invocations=6 (full 0):
 garbage-first heap   total 120832K, used 10325K [0x000000008b800000, 0x0000000100000000)
  region size 1024K, 1 young (1024K), 1 survivors (1024K)
 Metaspace       used 15798K, committed 16000K, reserved 1114112K
  class space    used 1868K, committed 1920K, reserved 1048576K
}
Event: 17.110 GC heap before
{Heap before GC invocations=6 (full 0):
 garbage-first heap   total 120832K, used 14421K [0x000000008b800000, 0x0000000100000000)
  region size 1024K, 5 young (5120K), 1 survivors (1024K)
 Metaspace       used 15817K, committed 16000K, reserved 1114112K
  class space    used 1869K, committed 1920K, reserved 1048576K
}
Event: 17.113 GC heap after
{Heap after GC invocations=7 (full 0):
 garbage-first heap   total 162816K, used 10754K [0x000000008b800000, 0x0000000100000000)
  region size 1024K, 1 young (1024K), 1 survivors (1024K)
 Metaspace       used 15817K, committed 16000K, reserved 1114112K
  class space    used 1869K, committed 1920K, reserved 1048576K
}
Event: 17.635 GC heap before
{Heap before GC invocations=7 (full 0):
 garbage-first heap   total 162816K, used 30210K [0x000000008b800000, 0x0000000100000000)
  region size 1024K, 20 young (20480K), 1 survivors (1024K)
 Metaspace       used 15969K, committed 16128K, reserved 1114112K
  class space    used 1871K, committed 1920K, reserved 1048576K
}
Event: 17.640 GC heap after
{Heap after GC invocations=8 (full 0):
 garbage-first heap   total 162816K, used 11784K [0x000000008b800000, 0x0000000100000000)
  region size 1024K, 2 young (2048K), 2 survivors (2048K)
 Metaspace       used 15969K, committed 16128K, reserved 1114112K
  class space    used 1871K, committed 1920K, reserved 1048576K
}

